<?xml version="1.0" encoding="UTF-8"?>
<coverage generated="1539806410023" clover="3.2.0">
  <project timestamp="1539806410023" name="All files">
    <metrics statements="131" coveredstatements="73" conditionals="54" coveredconditionals="13" methods="45" coveredmethods="23" elements="230" coveredelements="109" complexity="0" loc="131" ncloc="131" packages="3" files="14" classes="14">
      <package name="p3">
        <metrics statements="74" coveredstatements="31" conditionals="39" coveredconditionals="4" methods="19" coveredmethods="8"/>
        <file name="App.js" path="/Users/magnus/Projects/app/p3/App.js">
          <metrics statements="74" coveredstatements="31" conditionals="39" coveredconditionals="4" methods="19" coveredmethods="8"/>
          <line num="33" count="0" type="stmt"/>
          <line num="34" count="0" type="stmt"/>
          <line num="38" count="1" type="stmt"/>
          <line num="39" count="1" type="stmt"/>
          <line num="40" count="1" type="stmt"/>
          <line num="47" count="2" type="stmt"/>
          <line num="48" count="2" type="stmt"/>
          <line num="49" count="2" type="stmt"/>
          <line num="50" count="2" type="stmt"/>
          <line num="51" count="2" type="stmt"/>
          <line num="52" count="2" type="stmt"/>
          <line num="53" count="0" type="stmt"/>
          <line num="54" count="0" type="stmt"/>
          <line num="55" count="0" type="stmt"/>
          <line num="60" count="0" type="cond" truecount="0" falsecount="2"/>
          <line num="61" count="0" type="stmt"/>
          <line num="68" count="0" type="cond" truecount="0" falsecount="2"/>
          <line num="73" count="0" type="cond" truecount="0" falsecount="2"/>
          <line num="74" count="0" type="stmt"/>
          <line num="77" count="0" type="cond" truecount="0" falsecount="2"/>
          <line num="78" count="0" type="stmt"/>
          <line num="80" count="0" type="stmt"/>
          <line num="81" count="0" type="stmt"/>
          <line num="82" count="0" type="stmt"/>
          <line num="89" count="2" type="stmt"/>
          <line num="90" count="2" type="stmt"/>
          <line num="91" count="2" type="stmt"/>
          <line num="92" count="1" type="stmt"/>
          <line num="94" count="2" type="stmt"/>
          <line num="96" count="0" type="stmt"/>
          <line num="101" count="1" type="stmt"/>
          <line num="102" count="1" type="stmt"/>
          <line num="112" count="1" type="stmt"/>
          <line num="113" count="1" type="stmt"/>
          <line num="114" count="1" type="stmt"/>
          <line num="115" count="1" type="stmt"/>
          <line num="116" count="1" type="stmt"/>
          <line num="117" count="1" type="stmt"/>
          <line num="121" count="1" type="stmt"/>
          <line num="125" count="0" type="stmt"/>
          <line num="129" count="0" type="stmt"/>
          <line num="130" count="0" type="cond" truecount="0" falsecount="2"/>
          <line num="131" count="0" type="stmt"/>
          <line num="132" count="0" type="stmt"/>
          <line num="133" count="0" type="cond" truecount="0" falsecount="4"/>
          <line num="134" count="0" type="stmt"/>
          <line num="143" count="0" type="cond" truecount="0" falsecount="4"/>
          <line num="144" count="0" type="stmt"/>
          <line num="155" count="0" type="stmt"/>
          <line num="156" count="0" type="stmt"/>
          <line num="161" count="0" type="stmt"/>
          <line num="162" count="0" type="cond" truecount="0" falsecount="2"/>
          <line num="163" count="0" type="stmt"/>
          <line num="164" count="0" type="stmt"/>
          <line num="165" count="0" type="cond" truecount="0" falsecount="4"/>
          <line num="166" count="0" type="stmt"/>
          <line num="176" count="0" type="cond" truecount="0" falsecount="2"/>
          <line num="177" count="0" type="stmt"/>
          <line num="180" count="0" type="stmt"/>
          <line num="181" count="0" type="stmt"/>
          <line num="186" count="1" type="stmt"/>
          <line num="187" count="1" type="cond" truecount="1" falsecount="1"/>
          <line num="188" count="1" type="stmt"/>
          <line num="194" count="1" type="stmt"/>
          <line num="195" count="1" type="cond" truecount="1" falsecount="1"/>
          <line num="196" count="1" type="stmt"/>
          <line num="202" count="0" type="stmt"/>
          <line num="203" count="0" type="cond" truecount="0" falsecount="2"/>
          <line num="204" count="0" type="stmt"/>
          <line num="210" count="0" type="stmt"/>
          <line num="211" count="0" type="cond" truecount="0" falsecount="2"/>
          <line num="212" count="0" type="stmt"/>
          <line num="220" count="1" type="stmt"/>
          <line num="223" count="11" type="stmt"/>
        </file>
      </package>
      <package name="p3.components">
        <metrics statements="57" coveredstatements="42" conditionals="15" coveredconditionals="9" methods="26" coveredmethods="15"/>
        <file name="addtodo.js" path="/Users/magnus/Projects/app/p3/components/addtodo.js">
          <metrics statements="18" coveredstatements="18" conditionals="4" coveredconditionals="4" methods="6" coveredmethods="6"/>
          <line num="14" count="3" type="stmt"/>
          <line num="15" count="3" type="stmt"/>
          <line num="19" count="3" type="stmt"/>
          <line num="20" count="3" type="stmt"/>
          <line num="24" count="1" type="stmt"/>
          <line num="25" count="1" type="stmt"/>
          <line num="26" count="1" type="stmt"/>
          <line num="30" count="23" type="cond" truecount="2" falsecount="0"/>
          <line num="31" count="3" type="stmt"/>
          <line num="41" count="20" type="stmt"/>
          <line num="47" count="23" type="cond" truecount="2" falsecount="0"/>
          <line num="48" count="3" type="stmt"/>
          <line num="58" count="20" type="stmt"/>
          <line num="64" count="23" type="stmt"/>
          <line num="65" count="23" type="stmt"/>
          <line num="66" count="23" type="stmt"/>
          <line num="67" count="23" type="stmt"/>
          <line num="69" count="23" type="stmt"/>
        </file>
        <file name="datecomponent.js" path="/Users/magnus/Projects/app/p3/components/datecomponent.js">
          <metrics statements="8" coveredstatements="7" conditionals="3" coveredconditionals="2" methods="2" coveredmethods="2"/>
          <line num="15" count="2" type="stmt"/>
          <line num="19" count="11" type="stmt"/>
          <line num="20" count="11" type="stmt"/>
          <line num="21" count="11" type="stmt"/>
          <line num="22" count="11" type="cond" truecount="2" falsecount="1"/>
          <line num="24" count="9" type="stmt"/>
          <line num="49" count="0" type="stmt"/>
          <line num="73" count="2" type="stmt"/>
        </file>
        <file name="itemcomponent.js" path="/Users/magnus/Projects/app/p3/components/itemcomponent.js">
          <metrics statements="7" coveredstatements="3" conditionals="4" coveredconditionals="2" methods="4" coveredmethods="1"/>
          <line num="10" count="1" type="cond" truecount="1" falsecount="1"/>
          <line num="11" count="0" type="stmt"/>
          <line num="19" count="0" type="stmt"/>
          <line num="27" count="0" type="stmt"/>
          <line num="36" count="1" type="cond" truecount="1" falsecount="1"/>
          <line num="37" count="1" type="stmt"/>
          <line num="45" count="0" type="stmt"/>
        </file>
        <file name="iteminput.js" path="/Users/magnus/Projects/app/p3/components/iteminput.js">
          <metrics statements="3" coveredstatements="1" conditionals="0" coveredconditionals="0" methods="2" coveredmethods="1"/>
          <line num="7" count="0" type="stmt"/>
          <line num="8" count="0" type="stmt"/>
          <line num="12" count="7" type="stmt"/>
        </file>
        <file name="stepcounter.js" path="/Users/magnus/Projects/app/p3/components/stepcounter.js">
          <metrics statements="17" coveredstatements="9" conditionals="2" coveredconditionals="0" methods="10" coveredmethods="3"/>
          <line num="15" count="2" type="stmt"/>
          <line num="19" count="0" type="stmt"/>
          <line num="23" count="2" type="stmt"/>
          <line num="24" count="0" type="stmt"/>
          <line num="29" count="2" type="stmt"/>
          <line num="31" count="0" type="stmt"/>
          <line num="36" count="0" type="stmt"/>
          <line num="42" count="2" type="stmt"/>
          <line num="43" count="2" type="stmt"/>
          <line num="44" count="2" type="stmt"/>
          <line num="45" count="2" type="stmt"/>
          <line num="47" count="0" type="stmt"/>
          <line num="50" count="0" type="stmt"/>
          <line num="58" count="0" type="cond" truecount="0" falsecount="2"/>
          <line num="59" count="0" type="stmt"/>
          <line num="63" count="11" type="stmt"/>
          <line num="76" count="2" type="stmt"/>
        </file>
        <file name="todolist.js" path="/Users/magnus/Projects/app/p3/components/todolist.js">
          <metrics statements="4" coveredstatements="4" conditionals="2" coveredconditionals="1" methods="2" coveredmethods="2"/>
          <line num="9" count="11" type="stmt"/>
          <line num="10" count="8" type="cond" truecount="1" falsecount="1"/>
          <line num="11" count="8" type="stmt"/>
          <line num="24" count="11" type="stmt"/>
        </file>
      </package>
      <package name="p3.stylesheets">
        <metrics statements="0" coveredstatements="0" conditionals="0" coveredconditionals="0" methods="0" coveredmethods="0"/>
        <file name="addtodo.style.js" path="/Users/magnus/Projects/app/p3/stylesheets/addtodo.style.js">
          <metrics statements="0" coveredstatements="0" conditionals="0" coveredconditionals="0" methods="0" coveredmethods="0"/>
        </file>
        <file name="app.style.js" path="/Users/magnus/Projects/app/p3/stylesheets/app.style.js">
          <metrics statements="0" coveredstatements="0" conditionals="0" coveredconditionals="0" methods="0" coveredmethods="0"/>
        </file>
        <file name="datecomponent.style.js" path="/Users/magnus/Projects/app/p3/stylesheets/datecomponent.style.js">
          <metrics statements="0" coveredstatements="0" conditionals="0" coveredconditionals="0" methods="0" coveredmethods="0"/>
        </file>
        <file name="itemcomponent.style.js" path="/Users/magnus/Projects/app/p3/stylesheets/itemcomponent.style.js">
          <metrics statements="0" coveredstatements="0" conditionals="0" coveredconditionals="0" methods="0" coveredmethods="0"/>
        </file>
        <file name="iteminput.style.js" path="/Users/magnus/Projects/app/p3/stylesheets/iteminput.style.js">
          <metrics statements="0" coveredstatements="0" conditionals="0" coveredconditionals="0" methods="0" coveredmethods="0"/>
        </file>
        <file name="stepcounter.style.js" path="/Users/magnus/Projects/app/p3/stylesheets/stepcounter.style.js">
          <metrics statements="0" coveredstatements="0" conditionals="0" coveredconditionals="0" methods="0" coveredmethods="0"/>
        </file>
        <file name="todolist.style.js" path="/Users/magnus/Projects/app/p3/stylesheets/todolist.style.js">
          <metrics statements="0" coveredstatements="0" conditionals="0" coveredconditionals="0" methods="0" coveredmethods="0"/>
        </file>
      </package>
    </metrics>
  </project>
</coverage>
