<?xml version="1.0" encoding="UTF-8"?>
<coverage generated="1539000098123" clover="3.2.0">
  <project timestamp="1539000098123" name="All files">
    <metrics statements="54" coveredstatements="40" conditionals="13" coveredconditionals="7" methods="25" coveredmethods="16" elements="92" coveredelements="63" complexity="0" loc="54" ncloc="54" packages="2" files="12" classes="12">
      <package name="components">
        <metrics statements="54" coveredstatements="40" conditionals="13" coveredconditionals="7" methods="25" coveredmethods="16"/>
        <file name="addtodo.js" path="/Users/magnus/Projects/app/p3/components/addtodo.js">
          <metrics statements="16" coveredstatements="16" conditionals="4" coveredconditionals="4" methods="6" coveredmethods="6"/>
          <line num="15" count="3" type="stmt"/>
          <line num="16" count="3" type="stmt"/>
          <line num="20" count="3" type="stmt"/>
          <line num="21" count="3" type="stmt"/>
          <line num="25" count="1" type="stmt"/>
          <line num="26" count="1" type="stmt"/>
          <line num="27" count="1" type="stmt"/>
          <line num="31" count="13" type="cond" truecount="2" falsecount="0"/>
          <line num="32" count="3" type="stmt"/>
          <line num="42" count="10" type="stmt"/>
          <line num="48" count="13" type="cond" truecount="2" falsecount="0"/>
          <line num="49" count="3" type="stmt"/>
          <line num="59" count="10" type="stmt"/>
          <line num="65" count="13" type="stmt"/>
          <line num="66" count="13" type="stmt"/>
          <line num="68" count="13" type="stmt"/>
        </file>
        <file name="datecomponent.js" path="/Users/magnus/Projects/app/p3/components/datecomponent.js">
          <metrics statements="8" coveredstatements="5" conditionals="3" coveredconditionals="0" methods="2" coveredmethods="2"/>
          <line num="7" count="1" type="stmt"/>
          <line num="11" count="1" type="stmt"/>
          <line num="12" count="1" type="stmt"/>
          <line num="13" count="1" type="stmt"/>
          <line num="14" count="1" type="cond" truecount="0" falsecount="3"/>
          <line num="16" count="0" type="stmt"/>
          <line num="30" count="0" type="stmt"/>
          <line num="46" count="0" type="stmt"/>
        </file>
        <file name="itemcomponent.js" path="/Users/magnus/Projects/app/p3/components/itemcomponent.js">
          <metrics statements="4" coveredstatements="3" conditionals="0" coveredconditionals="0" methods="3" coveredmethods="2"/>
          <line num="11" count="1" type="stmt"/>
          <line num="15" count="3" type="stmt"/>
          <line num="29" count="3" type="stmt"/>
          <line num="43" count="0" type="stmt"/>
        </file>
        <file name="iteminput.js" path="/Users/magnus/Projects/app/p3/components/iteminput.js">
          <metrics statements="3" coveredstatements="1" conditionals="0" coveredconditionals="0" methods="2" coveredmethods="1"/>
          <line num="7" count="0" type="stmt"/>
          <line num="8" count="0" type="stmt"/>
          <line num="12" count="7" type="stmt"/>
        </file>
        <file name="stepcounter.js" path="/Users/magnus/Projects/app/p3/components/stepcounter.js">
          <metrics statements="17" coveredstatements="9" conditionals="2" coveredconditionals="0" methods="10" coveredmethods="3"/>
          <line num="15" count="1" type="stmt"/>
          <line num="19" count="0" type="stmt"/>
          <line num="23" count="1" type="stmt"/>
          <line num="24" count="0" type="stmt"/>
          <line num="29" count="1" type="stmt"/>
          <line num="31" count="0" type="stmt"/>
          <line num="36" count="0" type="stmt"/>
          <line num="42" count="1" type="stmt"/>
          <line num="43" count="1" type="stmt"/>
          <line num="44" count="1" type="stmt"/>
          <line num="45" count="1" type="stmt"/>
          <line num="47" count="0" type="stmt"/>
          <line num="50" count="0" type="stmt"/>
          <line num="58" count="0" type="cond" truecount="0" falsecount="2"/>
          <line num="59" count="0" type="stmt"/>
          <line num="63" count="1" type="stmt"/>
          <line num="79" count="1" type="stmt"/>
        </file>
        <file name="todolist.js" path="/Users/magnus/Projects/app/p3/components/todolist.js">
          <metrics statements="6" coveredstatements="6" conditionals="4" coveredconditionals="3" methods="2" coveredmethods="2"/>
          <line num="10" count="2" type="stmt"/>
          <line num="11" count="4" type="cond" truecount="2" falsecount="0"/>
          <line num="12" count="2" type="stmt"/>
          <line num="21" count="2" type="cond" truecount="1" falsecount="1"/>
          <line num="22" count="2" type="stmt"/>
          <line num="34" count="2" type="stmt"/>
        </file>
      </package>
      <package name="stylesheets">
        <metrics statements="0" coveredstatements="0" conditionals="0" coveredconditionals="0" methods="0" coveredmethods="0"/>
        <file name="addtodo.style.js" path="/Users/magnus/Projects/app/p3/stylesheets/addtodo.style.js">
          <metrics statements="0" coveredstatements="0" conditionals="0" coveredconditionals="0" methods="0" coveredmethods="0"/>
        </file>
        <file name="datecomponent.style.js" path="/Users/magnus/Projects/app/p3/stylesheets/datecomponent.style.js">
          <metrics statements="0" coveredstatements="0" conditionals="0" coveredconditionals="0" methods="0" coveredmethods="0"/>
        </file>
        <file name="itemcomponent.style.js" path="/Users/magnus/Projects/app/p3/stylesheets/itemcomponent.style.js">
          <metrics statements="0" coveredstatements="0" conditionals="0" coveredconditionals="0" methods="0" coveredmethods="0"/>
        </file>
        <file name="iteminput.style.js" path="/Users/magnus/Projects/app/p3/stylesheets/iteminput.style.js">
          <metrics statements="0" coveredstatements="0" conditionals="0" coveredconditionals="0" methods="0" coveredmethods="0"/>
        </file>
        <file name="stepcounter.style.js" path="/Users/magnus/Projects/app/p3/stylesheets/stepcounter.style.js">
          <metrics statements="0" coveredstatements="0" conditionals="0" coveredconditionals="0" methods="0" coveredmethods="0"/>
        </file>
        <file name="todolist.style.js" path="/Users/magnus/Projects/app/p3/stylesheets/todolist.style.js">
          <metrics statements="0" coveredstatements="0" conditionals="0" coveredconditionals="0" methods="0" coveredmethods="0"/>
        </file>
      </package>
    </metrics>
  </project>
</coverage>
