{"/Users/magnus/Projects/app/p3/App.js": {"path":"/Users/magnus/Projects/app/p3/App.js","statementMap":{"0":{"start":{"line":24,"column":18},"end":{"line":24,"column":42}},"1":{"start":{"line":25,"column":4},"end":{"line":25,"column":38}},"2":{"start":{"line":30,"column":4},"end":{"line":30,"column":25}},"3":{"start":{"line":31,"column":16},"end":{"line":31,"column":18}},"4":{"start":{"line":32,"column":15},"end":{"line":32,"column":25}},"5":{"start":{"line":33,"column":4},"end":{"line":33,"column":30}},"6":{"start":{"line":42,"column":22},"end":{"line":42,"column":32}},"7":{"start":{"line":43,"column":20},"end":{"line":43,"column":21}},"8":{"start":{"line":44,"column":15},"end":{"line":44,"column":44}},"9":{"start":{"line":45,"column":14},"end":{"line":45,"column":15}},"10":{"start":{"line":46,"column":22},"end":{"line":46,"column":24}},"11":{"start":{"line":47,"column":13},"end":{"line":47,"column":14}},"12":{"start":{"line":48,"column":20},"end":{"line":48,"column":21}},"13":{"start":{"line":49,"column":4},"end":{"line":90,"column":7}},"14":{"start":{"line":50,"column":6},"end":{"line":89,"column":9}},"15":{"start":{"line":51,"column":8},"end":{"line":88,"column":11}},"16":{"start":{"line":52,"column":22},"end":{"line":52,"column":45}},"17":{"start":{"line":59,"column":10},"end":{"line":65,"column":11}},"18":{"start":{"line":60,"column":12},"end":{"line":60,"column":36}},"19":{"start":{"line":61,"column":12},"end":{"line":64,"column":13}},"20":{"start":{"line":62,"column":14},"end":{"line":62,"column":28}},"21":{"start":{"line":63,"column":14},"end":{"line":63,"column":51}},"22":{"start":{"line":71,"column":10},"end":{"line":79,"column":11}},"23":{"start":{"line":76,"column":12},"end":{"line":78,"column":13}},"24":{"start":{"line":77,"column":14},"end":{"line":77,"column":40}},"25":{"start":{"line":80,"column":10},"end":{"line":82,"column":11}},"26":{"start":{"line":81,"column":12},"end":{"line":81,"column":31}},"27":{"start":{"line":84,"column":10},"end":{"line":84,"column":46}},"28":{"start":{"line":85,"column":10},"end":{"line":85,"column":48}},"29":{"start":{"line":86,"column":10},"end":{"line":86,"column":49}},"30":{"start":{"line":87,"column":10},"end":{"line":87,"column":52}},"31":{"start":{"line":95,"column":4},"end":{"line":108,"column":5}},"32":{"start":{"line":96,"column":23},"end":{"line":96,"column":25}},"33":{"start":{"line":97,"column":6},"end":{"line":102,"column":7}},"34":{"start":{"line":98,"column":8},"end":{"line":101,"column":9}},"35":{"start":{"line":99,"column":10},"end":{"line":99,"column":78}},"36":{"start":{"line":100,"column":10},"end":{"line":100,"column":50}},"37":{"start":{"line":103,"column":6},"end":{"line":105,"column":7}},"38":{"start":{"line":104,"column":8},"end":{"line":104,"column":48}},"39":{"start":{"line":107,"column":6},"end":{"line":107,"column":27}},"40":{"start":{"line":113,"column":18},"end":{"line":113,"column":42}},"41":{"start":{"line":114,"column":4},"end":{"line":123,"column":7}},"42":{"start":{"line":125,"column":4},"end":{"line":125,"column":32}},"43":{"start":{"line":126,"column":4},"end":{"line":126,"column":38}},"44":{"start":{"line":127,"column":4},"end":{"line":127,"column":29}},"45":{"start":{"line":128,"column":4},"end":{"line":128,"column":23}},"46":{"start":{"line":129,"column":4},"end":{"line":129,"column":34}},"47":{"start":{"line":130,"column":4},"end":{"line":130,"column":34}},"48":{"start":{"line":135,"column":4},"end":{"line":135,"column":34}},"49":{"start":{"line":140,"column":4},"end":{"line":142,"column":5}},"50":{"start":{"line":141,"column":6},"end":{"line":141,"column":44}},"51":{"start":{"line":147,"column":4},"end":{"line":147,"column":34}},"52":{"start":{"line":153,"column":15},"end":{"line":153,"column":44}},"53":{"start":{"line":154,"column":4},"end":{"line":183,"column":5}},"54":{"start":{"line":155,"column":20},"end":{"line":155,"column":22}},"55":{"start":{"line":156,"column":6},"end":{"line":180,"column":9}},"56":{"start":{"line":157,"column":8},"end":{"line":179,"column":9}},"57":{"start":{"line":158,"column":10},"end":{"line":167,"column":13}},"58":{"start":{"line":168,"column":15},"end":{"line":179,"column":9}},"59":{"start":{"line":169,"column":10},"end":{"line":178,"column":13}},"60":{"start":{"line":181,"column":6},"end":{"line":181,"column":34}},"61":{"start":{"line":182,"column":6},"end":{"line":182,"column":27}},"62":{"start":{"line":189,"column":15},"end":{"line":189,"column":44}},"63":{"start":{"line":190,"column":4},"end":{"line":211,"column":5}},"64":{"start":{"line":191,"column":20},"end":{"line":191,"column":22}},"65":{"start":{"line":192,"column":6},"end":{"line":208,"column":9}},"66":{"start":{"line":193,"column":8},"end":{"line":204,"column":9}},"67":{"start":{"line":194,"column":10},"end":{"line":203,"column":13}},"68":{"start":{"line":205,"column":8},"end":{"line":207,"column":9}},"69":{"start":{"line":206,"column":10},"end":{"line":206,"column":52}},"70":{"start":{"line":209,"column":6},"end":{"line":209,"column":40}},"71":{"start":{"line":210,"column":6},"end":{"line":210,"column":27}},"72":{"start":{"line":217,"column":22},"end":{"line":217,"column":32}},"73":{"start":{"line":218,"column":4},"end":{"line":229,"column":5}},"74":{"start":{"line":219,"column":6},"end":{"line":223,"column":9}},"75":{"start":{"line":225,"column":6},"end":{"line":225,"column":27}},"76":{"start":{"line":226,"column":6},"end":{"line":228,"column":7}},"77":{"start":{"line":227,"column":8},"end":{"line":227,"column":49}},"78":{"start":{"line":235,"column":22},"end":{"line":235,"column":32}},"79":{"start":{"line":236,"column":4},"end":{"line":247,"column":5}},"80":{"start":{"line":237,"column":6},"end":{"line":241,"column":9}},"81":{"start":{"line":243,"column":6},"end":{"line":243,"column":27}},"82":{"start":{"line":244,"column":6},"end":{"line":246,"column":7}},"83":{"start":{"line":245,"column":8},"end":{"line":245,"column":50}},"84":{"start":{"line":252,"column":4},"end":{"line":252,"column":65}},"85":{"start":{"line":256,"column":4},"end":{"line":317,"column":6}}},"fnMap":{"0":{"name":"(anonymous_0)","decl":{"start":{"line":23,"column":2},"end":{"line":23,"column":3}},"loc":{"start":{"line":23,"column":15},"end":{"line":26,"column":3}},"line":23},"1":{"name":"(anonymous_1)","decl":{"start":{"line":29,"column":2},"end":{"line":29,"column":3}},"loc":{"start":{"line":29,"column":22},"end":{"line":34,"column":3}},"line":29},"2":{"name":"(anonymous_2)","decl":{"start":{"line":38,"column":2},"end":{"line":38,"column":3}},"loc":{"start":{"line":38,"column":18},"end":{"line":91,"column":3}},"line":38},"3":{"name":"(anonymous_3)","decl":{"start":{"line":49,"column":28},"end":{"line":49,"column":29}},"loc":{"start":{"line":49,"column":43},"end":{"line":90,"column":5}},"line":49},"4":{"name":"(anonymous_4)","decl":{"start":{"line":50,"column":34},"end":{"line":50,"column":35}},"loc":{"start":{"line":50,"column":51},"end":{"line":89,"column":7}},"line":50},"5":{"name":"(anonymous_5)","decl":{"start":{"line":51,"column":19},"end":{"line":51,"column":20}},"loc":{"start":{"line":51,"column":41},"end":{"line":88,"column":9}},"line":51},"6":{"name":"(anonymous_6)","decl":{"start":{"line":94,"column":18},"end":{"line":94,"column":19}},"loc":{"start":{"line":94,"column":33},"end":{"line":109,"column":3}},"line":94},"7":{"name":"(anonymous_7)","decl":{"start":{"line":112,"column":12},"end":{"line":112,"column":13}},"loc":{"start":{"line":112,"column":20},"end":{"line":131,"column":3}},"line":112},"8":{"name":"(anonymous_8)","decl":{"start":{"line":134,"column":16},"end":{"line":134,"column":17}},"loc":{"start":{"line":134,"column":24},"end":{"line":136,"column":3}},"line":134},"9":{"name":"(anonymous_9)","decl":{"start":{"line":139,"column":19},"end":{"line":139,"column":20}},"loc":{"start":{"line":139,"column":31},"end":{"line":143,"column":3}},"line":139},"10":{"name":"(anonymous_10)","decl":{"start":{"line":146,"column":12},"end":{"line":146,"column":13}},"loc":{"start":{"line":146,"column":20},"end":{"line":148,"column":3}},"line":146},"11":{"name":"(anonymous_11)","decl":{"start":{"line":152,"column":15},"end":{"line":152,"column":16}},"loc":{"start":{"line":152,"column":24},"end":{"line":184,"column":3}},"line":152},"12":{"name":"(anonymous_12)","decl":{"start":{"line":156,"column":31},"end":{"line":156,"column":32}},"loc":{"start":{"line":156,"column":49},"end":{"line":180,"column":7}},"line":156},"13":{"name":"(anonymous_13)","decl":{"start":{"line":188,"column":22},"end":{"line":188,"column":23}},"loc":{"start":{"line":188,"column":31},"end":{"line":212,"column":3}},"line":188},"14":{"name":"(anonymous_14)","decl":{"start":{"line":192,"column":31},"end":{"line":192,"column":32}},"loc":{"start":{"line":192,"column":49},"end":{"line":208,"column":7}},"line":192},"15":{"name":"(anonymous_15)","decl":{"start":{"line":216,"column":23},"end":{"line":216,"column":24}},"loc":{"start":{"line":216,"column":29},"end":{"line":230,"column":3}},"line":216},"16":{"name":"(anonymous_16)","decl":{"start":{"line":234,"column":23},"end":{"line":234,"column":24}},"loc":{"start":{"line":234,"column":29},"end":{"line":248,"column":3}},"line":234},"17":{"name":"(anonymous_17)","decl":{"start":{"line":251,"column":16},"end":{"line":251,"column":17}},"loc":{"start":{"line":252,"column":4},"end":{"line":252,"column":65}},"line":252},"18":{"name":"(anonymous_18)","decl":{"start":{"line":255,"column":2},"end":{"line":255,"column":3}},"loc":{"start":{"line":255,"column":11},"end":{"line":318,"column":3}},"line":255}},"branchMap":{"0":{"loc":{"start":{"line":59,"column":10},"end":{"line":65,"column":11}},"type":"if","locations":[{"start":{"line":59,"column":10},"end":{"line":65,"column":11}},{"start":{"line":59,"column":10},"end":{"line":65,"column":11}}],"line":59},"1":{"loc":{"start":{"line":61,"column":12},"end":{"line":64,"column":13}},"type":"if","locations":[{"start":{"line":61,"column":12},"end":{"line":64,"column":13}},{"start":{"line":61,"column":12},"end":{"line":64,"column":13}}],"line":61},"2":{"loc":{"start":{"line":61,"column":16},"end":{"line":61,"column":53}},"type":"binary-expr","locations":[{"start":{"line":61,"column":16},"end":{"line":61,"column":29}},{"start":{"line":61,"column":33},"end":{"line":61,"column":53}}],"line":61},"3":{"loc":{"start":{"line":71,"column":10},"end":{"line":79,"column":11}},"type":"if","locations":[{"start":{"line":71,"column":10},"end":{"line":79,"column":11}},{"start":{"line":71,"column":10},"end":{"line":79,"column":11}}],"line":71},"4":{"loc":{"start":{"line":72,"column":12},"end":{"line":74,"column":51}},"type":"binary-expr","locations":[{"start":{"line":72,"column":12},"end":{"line":72,"column":47}},{"start":{"line":73,"column":12},"end":{"line":73,"column":51}},{"start":{"line":74,"column":12},"end":{"line":74,"column":51}}],"line":72},"5":{"loc":{"start":{"line":76,"column":12},"end":{"line":78,"column":13}},"type":"if","locations":[{"start":{"line":76,"column":12},"end":{"line":78,"column":13}},{"start":{"line":76,"column":12},"end":{"line":78,"column":13}}],"line":76},"6":{"loc":{"start":{"line":80,"column":10},"end":{"line":82,"column":11}},"type":"if","locations":[{"start":{"line":80,"column":10},"end":{"line":82,"column":11}},{"start":{"line":80,"column":10},"end":{"line":82,"column":11}}],"line":80},"7":{"loc":{"start":{"line":97,"column":6},"end":{"line":102,"column":7}},"type":"if","locations":[{"start":{"line":97,"column":6},"end":{"line":102,"column":7}},{"start":{"line":97,"column":6},"end":{"line":102,"column":7}}],"line":97},"8":{"loc":{"start":{"line":103,"column":6},"end":{"line":105,"column":7}},"type":"if","locations":[{"start":{"line":103,"column":6},"end":{"line":105,"column":7}},{"start":{"line":103,"column":6},"end":{"line":105,"column":7}}],"line":103},"9":{"loc":{"start":{"line":140,"column":4},"end":{"line":142,"column":5}},"type":"if","locations":[{"start":{"line":140,"column":4},"end":{"line":142,"column":5}},{"start":{"line":140,"column":4},"end":{"line":142,"column":5}}],"line":140},"10":{"loc":{"start":{"line":154,"column":4},"end":{"line":183,"column":5}},"type":"if","locations":[{"start":{"line":154,"column":4},"end":{"line":183,"column":5}},{"start":{"line":154,"column":4},"end":{"line":183,"column":5}}],"line":154},"11":{"loc":{"start":{"line":157,"column":8},"end":{"line":179,"column":9}},"type":"if","locations":[{"start":{"line":157,"column":8},"end":{"line":179,"column":9}},{"start":{"line":157,"column":8},"end":{"line":179,"column":9}}],"line":157},"12":{"loc":{"start":{"line":157,"column":12},"end":{"line":157,"column":55}},"type":"binary-expr","locations":[{"start":{"line":157,"column":12},"end":{"line":157,"column":31}},{"start":{"line":157,"column":35},"end":{"line":157,"column":55}}],"line":157},"13":{"loc":{"start":{"line":168,"column":15},"end":{"line":179,"column":9}},"type":"if","locations":[{"start":{"line":168,"column":15},"end":{"line":179,"column":9}},{"start":{"line":168,"column":15},"end":{"line":179,"column":9}}],"line":168},"14":{"loc":{"start":{"line":168,"column":19},"end":{"line":168,"column":62}},"type":"binary-expr","locations":[{"start":{"line":168,"column":19},"end":{"line":168,"column":38}},{"start":{"line":168,"column":42},"end":{"line":168,"column":62}}],"line":168},"15":{"loc":{"start":{"line":190,"column":4},"end":{"line":211,"column":5}},"type":"if","locations":[{"start":{"line":190,"column":4},"end":{"line":211,"column":5}},{"start":{"line":190,"column":4},"end":{"line":211,"column":5}}],"line":190},"16":{"loc":{"start":{"line":193,"column":8},"end":{"line":204,"column":9}},"type":"if","locations":[{"start":{"line":193,"column":8},"end":{"line":204,"column":9}},{"start":{"line":193,"column":8},"end":{"line":204,"column":9}}],"line":193},"17":{"loc":{"start":{"line":193,"column":12},"end":{"line":193,"column":55}},"type":"binary-expr","locations":[{"start":{"line":193,"column":12},"end":{"line":193,"column":31}},{"start":{"line":193,"column":35},"end":{"line":193,"column":55}}],"line":193},"18":{"loc":{"start":{"line":205,"column":8},"end":{"line":207,"column":9}},"type":"if","locations":[{"start":{"line":205,"column":8},"end":{"line":207,"column":9}},{"start":{"line":205,"column":8},"end":{"line":207,"column":9}}],"line":205},"19":{"loc":{"start":{"line":218,"column":4},"end":{"line":229,"column":5}},"type":"if","locations":[{"start":{"line":218,"column":4},"end":{"line":229,"column":5}},{"start":{"line":218,"column":4},"end":{"line":229,"column":5}}],"line":218},"20":{"loc":{"start":{"line":226,"column":6},"end":{"line":228,"column":7}},"type":"if","locations":[{"start":{"line":226,"column":6},"end":{"line":228,"column":7}},{"start":{"line":226,"column":6},"end":{"line":228,"column":7}}],"line":226},"21":{"loc":{"start":{"line":236,"column":4},"end":{"line":247,"column":5}},"type":"if","locations":[{"start":{"line":236,"column":4},"end":{"line":247,"column":5}},{"start":{"line":236,"column":4},"end":{"line":247,"column":5}}],"line":236},"22":{"loc":{"start":{"line":244,"column":6},"end":{"line":246,"column":7}},"type":"if","locations":[{"start":{"line":244,"column":6},"end":{"line":246,"column":7}},{"start":{"line":244,"column":6},"end":{"line":246,"column":7}}],"line":244},"23":{"loc":{"start":{"line":304,"column":16},"end":{"line":306,"column":40}},"type":"cond-expr","locations":[{"start":{"line":305,"column":20},"end":{"line":305,"column":43}},{"start":{"line":306,"column":20},"end":{"line":306,"column":40}}],"line":304}},"s":{"0":0,"1":0,"2":1,"3":1,"4":1,"5":1,"6":4,"7":4,"8":4,"9":4,"10":4,"11":4,"12":4,"13":4,"14":4,"15":4,"16":3,"17":3,"18":1,"19":1,"20":0,"21":0,"22":3,"23":3,"24":0,"25":3,"26":3,"27":3,"28":3,"29":3,"30":3,"31":3,"32":3,"33":3,"34":2,"35":2,"36":2,"37":3,"38":2,"39":0,"40":2,"41":2,"42":2,"43":2,"44":2,"45":2,"46":2,"47":2,"48":1,"49":0,"50":0,"51":0,"52":0,"53":0,"54":0,"55":0,"56":0,"57":0,"58":0,"59":0,"60":0,"61":0,"62":0,"63":0,"64":0,"65":0,"66":0,"67":0,"68":0,"69":0,"70":0,"71":0,"72":1,"73":1,"74":1,"75":1,"76":1,"77":1,"78":2,"79":2,"80":2,"81":2,"82":2,"83":2,"84":2,"85":33},"f":{"0":0,"1":1,"2":4,"3":4,"4":4,"5":3,"6":3,"7":2,"8":1,"9":0,"10":0,"11":0,"12":0,"13":0,"14":0,"15":1,"16":2,"17":2,"18":33},"b":{"0":[1,2],"1":[0,1],"2":[1,0],"3":[3,0],"4":[3,0,0],"5":[0,3],"6":[3,0],"7":[2,1],"8":[2,1],"9":[0,0],"10":[0,0],"11":[0,0],"12":[0,0],"13":[0,0],"14":[0,0],"15":[0,0],"16":[0,0],"17":[0,0],"18":[0,0],"19":[1,0],"20":[1,0],"21":[2,0],"22":[2,0],"23":[6,27]},"_coverageSchema":"332fd63041d2c1bcb487cc26dd0d5f7d97098a6c","hash":"8e7ed731b5f56170e675f97337528d27f22644a7"}
,"/Users/magnus/Projects/app/p3/components/addtodo.js": {"path":"/Users/magnus/Projects/app/p3/components/addtodo.js","statementMap":{"0":{"start":{"line":14,"column":4},"end":{"line":14,"column":31}},"1":{"start":{"line":15,"column":4},"end":{"line":15,"column":74}},"2":{"start":{"line":19,"column":4},"end":{"line":19,"column":31}},"3":{"start":{"line":20,"column":4},"end":{"line":20,"column":74}},"4":{"start":{"line":24,"column":4},"end":{"line":24,"column":49}},"5":{"start":{"line":25,"column":4},"end":{"line":25,"column":49}},"6":{"start":{"line":26,"column":4},"end":{"line":26,"column":29}},"7":{"start":{"line":30,"column":4},"end":{"line":44,"column":5}},"8":{"start":{"line":31,"column":6},"end":{"line":41,"column":8}},"9":{"start":{"line":43,"column":6},"end":{"line":43,"column":18}},"10":{"start":{"line":48,"column":4},"end":{"line":62,"column":5}},"11":{"start":{"line":49,"column":6},"end":{"line":59,"column":8}},"12":{"start":{"line":61,"column":6},"end":{"line":61,"column":18}},"13":{"start":{"line":67,"column":22},"end":{"line":67,"column":53}},"14":{"start":{"line":68,"column":23},"end":{"line":68,"column":54}},"15":{"start":{"line":69,"column":21},"end":{"line":69,"column":42}},"16":{"start":{"line":70,"column":15},"end":{"line":70,"column":35}},"17":{"start":{"line":72,"column":4},"end":{"line":96,"column":6}}},"fnMap":{"0":{"name":"(anonymous_0)","decl":{"start":{"line":13,"column":20},"end":{"line":13,"column":21}},"loc":{"start":{"line":13,"column":26},"end":{"line":16,"column":3}},"line":13},"1":{"name":"(anonymous_1)","decl":{"start":{"line":18,"column":20},"end":{"line":18,"column":21}},"loc":{"start":{"line":18,"column":26},"end":{"line":21,"column":3}},"line":18},"2":{"name":"(anonymous_2)","decl":{"start":{"line":23,"column":15},"end":{"line":23,"column":16}},"loc":{"start":{"line":23,"column":21},"end":{"line":27,"column":3}},"line":23},"3":{"name":"(anonymous_3)","decl":{"start":{"line":29,"column":20},"end":{"line":29,"column":21}},"loc":{"start":{"line":29,"column":33},"end":{"line":46,"column":3}},"line":29},"4":{"name":"(anonymous_4)","decl":{"start":{"line":47,"column":20},"end":{"line":47,"column":21}},"loc":{"start":{"line":47,"column":33},"end":{"line":64,"column":3}},"line":47},"5":{"name":"(anonymous_5)","decl":{"start":{"line":66,"column":2},"end":{"line":66,"column":3}},"loc":{"start":{"line":66,"column":11},"end":{"line":97,"column":3}},"line":66}},"branchMap":{"0":{"loc":{"start":{"line":30,"column":4},"end":{"line":44,"column":5}},"type":"if","locations":[{"start":{"line":30,"column":4},"end":{"line":44,"column":5}},{"start":{"line":30,"column":4},"end":{"line":44,"column":5}}],"line":30},"1":{"loc":{"start":{"line":48,"column":4},"end":{"line":62,"column":5}},"type":"if","locations":[{"start":{"line":48,"column":4},"end":{"line":62,"column":5}},{"start":{"line":48,"column":4},"end":{"line":62,"column":5}}],"line":48}},"s":{"0":3,"1":3,"2":3,"3":3,"4":1,"5":1,"6":1,"7":45,"8":3,"9":42,"10":45,"11":3,"12":42,"13":45,"14":45,"15":45,"16":45,"17":45},"f":{"0":3,"1":3,"2":1,"3":45,"4":45,"5":45},"b":{"0":[3,42],"1":[3,42]},"_coverageSchema":"332fd63041d2c1bcb487cc26dd0d5f7d97098a6c","hash":"6275ee8b0c5de2ce5d98b68029c4bdc07d8ecdd6"}
,"/Users/magnus/Projects/app/p3/components/datecomponent.js": {"path":"/Users/magnus/Projects/app/p3/components/datecomponent.js","statementMap":{"0":{"start":{"line":15,"column":4},"end":{"line":15,"column":17}},"1":{"start":{"line":19,"column":19},"end":{"line":19,"column":38}},"2":{"start":{"line":20,"column":22},"end":{"line":20,"column":32}},"3":{"start":{"line":21,"column":21},"end":{"line":21,"column":42}},"4":{"start":{"line":22,"column":4},"end":{"line":96,"column":5}},"5":{"start":{"line":24,"column":8},"end":{"line":47,"column":10}},"6":{"start":{"line":49,"column":8},"end":{"line":71,"column":10}},"7":{"start":{"line":73,"column":8},"end":{"line":95,"column":10}}},"fnMap":{"0":{"name":"(anonymous_0)","decl":{"start":{"line":14,"column":2},"end":{"line":14,"column":3}},"loc":{"start":{"line":14,"column":21},"end":{"line":16,"column":3}},"line":14},"1":{"name":"(anonymous_1)","decl":{"start":{"line":18,"column":2},"end":{"line":18,"column":3}},"loc":{"start":{"line":18,"column":11},"end":{"line":97,"column":3}},"line":18}},"branchMap":{"0":{"loc":{"start":{"line":22,"column":4},"end":{"line":96,"column":5}},"type":"switch","locations":[{"start":{"line":23,"column":6},"end":{"line":47,"column":10}},{"start":{"line":48,"column":6},"end":{"line":71,"column":10}},{"start":{"line":72,"column":6},"end":{"line":95,"column":10}}],"line":22}},"s":{"0":2,"1":33,"2":33,"3":33,"4":33,"5":15,"6":12,"7":6},"f":{"0":2,"1":33},"b":{"0":[15,12,6]},"_coverageSchema":"332fd63041d2c1bcb487cc26dd0d5f7d97098a6c","hash":"c9bf04cd7e52f1b05f01f9f6d7c6e291168ad836"}
,"/Users/magnus/Projects/app/p3/components/itemcomponent.js": {"path":"/Users/magnus/Projects/app/p3/components/itemcomponent.js","statementMap":{"0":{"start":{"line":10,"column":4},"end":{"line":53,"column":5}},"1":{"start":{"line":11,"column":6},"end":{"line":34,"column":8}},"2":{"start":{"line":19,"column":29},"end":{"line":19,"column":65}},"3":{"start":{"line":27,"column":29},"end":{"line":27,"column":67}},"4":{"start":{"line":36,"column":9},"end":{"line":53,"column":5}},"5":{"start":{"line":37,"column":6},"end":{"line":52,"column":8}},"6":{"start":{"line":45,"column":29},"end":{"line":45,"column":67}}},"fnMap":{"0":{"name":"(anonymous_0)","decl":{"start":{"line":8,"column":2},"end":{"line":8,"column":3}},"loc":{"start":{"line":8,"column":11},"end":{"line":54,"column":3}},"line":8},"1":{"name":"(anonymous_1)","decl":{"start":{"line":19,"column":23},"end":{"line":19,"column":24}},"loc":{"start":{"line":19,"column":29},"end":{"line":19,"column":65}},"line":19},"2":{"name":"(anonymous_2)","decl":{"start":{"line":27,"column":23},"end":{"line":27,"column":24}},"loc":{"start":{"line":27,"column":29},"end":{"line":27,"column":67}},"line":27},"3":{"name":"(anonymous_3)","decl":{"start":{"line":45,"column":23},"end":{"line":45,"column":24}},"loc":{"start":{"line":45,"column":29},"end":{"line":45,"column":67}},"line":45}},"branchMap":{"0":{"loc":{"start":{"line":10,"column":4},"end":{"line":53,"column":5}},"type":"if","locations":[{"start":{"line":10,"column":4},"end":{"line":53,"column":5}},{"start":{"line":10,"column":4},"end":{"line":53,"column":5}}],"line":10},"1":{"loc":{"start":{"line":36,"column":9},"end":{"line":53,"column":5}},"type":"if","locations":[{"start":{"line":36,"column":9},"end":{"line":53,"column":5}},{"start":{"line":36,"column":9},"end":{"line":53,"column":5}}],"line":36}},"s":{"0":1,"1":0,"2":0,"3":0,"4":1,"5":1,"6":0},"f":{"0":1,"1":0,"2":0,"3":0},"b":{"0":[0,1],"1":[1,0]},"_coverageSchema":"332fd63041d2c1bcb487cc26dd0d5f7d97098a6c","hash":"b036656c676beddfee9b27f566ecb9e09997078a"}
,"/Users/magnus/Projects/app/p3/components/iteminput.js": {"path":"/Users/magnus/Projects/app/p3/components/iteminput.js","statementMap":{"0":{"start":{"line":7,"column":4},"end":{"line":7,"column":25}},"1":{"start":{"line":8,"column":4},"end":{"line":8,"column":33}},"2":{"start":{"line":12,"column":4},"end":{"line":26,"column":6}}},"fnMap":{"0":{"name":"(anonymous_0)","decl":{"start":{"line":6,"column":12},"end":{"line":6,"column":13}},"loc":{"start":{"line":6,"column":18},"end":{"line":9,"column":3}},"line":6},"1":{"name":"(anonymous_1)","decl":{"start":{"line":11,"column":2},"end":{"line":11,"column":3}},"loc":{"start":{"line":11,"column":11},"end":{"line":27,"column":3}},"line":11}},"branchMap":{},"s":{"0":0,"1":0,"2":7},"f":{"0":0,"1":7},"b":{},"_coverageSchema":"332fd63041d2c1bcb487cc26dd0d5f7d97098a6c","hash":"c167df969c267d7398f109f8a7a705d427fb4786"}
,"/Users/magnus/Projects/app/p3/components/stepcounter.js": {"path":"/Users/magnus/Projects/app/p3/components/stepcounter.js","statementMap":{"0":{"start":{"line":16,"column":4},"end":{"line":16,"column":22}},"1":{"start":{"line":20,"column":4},"end":{"line":20,"column":24}},"2":{"start":{"line":23,"column":4},"end":{"line":27,"column":7}},"3":{"start":{"line":24,"column":6},"end":{"line":26,"column":9}},"4":{"start":{"line":29,"column":4},"end":{"line":40,"column":6}},"5":{"start":{"line":31,"column":8},"end":{"line":33,"column":11}},"6":{"start":{"line":36,"column":8},"end":{"line":38,"column":11}},"7":{"start":{"line":42,"column":18},"end":{"line":42,"column":28}},"8":{"start":{"line":43,"column":4},"end":{"line":43,"column":31}},"9":{"start":{"line":44,"column":16},"end":{"line":44,"column":26}},"10":{"start":{"line":45,"column":4},"end":{"line":54,"column":6}},"11":{"start":{"line":47,"column":8},"end":{"line":47,"column":53}},"12":{"start":{"line":50,"column":8},"end":{"line":52,"column":11}},"13":{"start":{"line":58,"column":4},"end":{"line":58,"column":54}},"14":{"start":{"line":59,"column":4},"end":{"line":59,"column":30}},"15":{"start":{"line":64,"column":20},"end":{"line":64,"column":76}},"16":{"start":{"line":65,"column":4},"end":{"line":75,"column":5}},"17":{"start":{"line":66,"column":6},"end":{"line":70,"column":8}},"18":{"start":{"line":72,"column":6},"end":{"line":74,"column":8}},"19":{"start":{"line":79,"column":21},"end":{"line":79,"column":42}},"20":{"start":{"line":80,"column":19},"end":{"line":80,"column":38}},"21":{"start":{"line":81,"column":22},"end":{"line":81,"column":32}},"22":{"start":{"line":82,"column":4},"end":{"line":111,"column":5}},"23":{"start":{"line":84,"column":8},"end":{"line":94,"column":10}},"24":{"start":{"line":96,"column":6},"end":{"line":102,"column":8}},"25":{"start":{"line":104,"column":6},"end":{"line":110,"column":8}},"26":{"start":{"line":119,"column":0},"end":{"line":119,"column":40}}},"fnMap":{"0":{"name":"(anonymous_0)","decl":{"start":{"line":15,"column":2},"end":{"line":15,"column":3}},"loc":{"start":{"line":15,"column":22},"end":{"line":17,"column":3}},"line":15},"1":{"name":"(anonymous_1)","decl":{"start":{"line":19,"column":2},"end":{"line":19,"column":3}},"loc":{"start":{"line":19,"column":25},"end":{"line":21,"column":3}},"line":19},"2":{"name":"(anonymous_2)","decl":{"start":{"line":22,"column":15},"end":{"line":22,"column":16}},"loc":{"start":{"line":22,"column":21},"end":{"line":55,"column":3}},"line":22},"3":{"name":"(anonymous_3)","decl":{"start":{"line":23,"column":50},"end":{"line":23,"column":51}},"loc":{"start":{"line":23,"column":60},"end":{"line":27,"column":5}},"line":23},"4":{"name":"(anonymous_4)","decl":{"start":{"line":30,"column":6},"end":{"line":30,"column":7}},"loc":{"start":{"line":30,"column":16},"end":{"line":34,"column":7}},"line":30},"5":{"name":"(anonymous_5)","decl":{"start":{"line":35,"column":6},"end":{"line":35,"column":7}},"loc":{"start":{"line":35,"column":15},"end":{"line":39,"column":7}},"line":35},"6":{"name":"(anonymous_6)","decl":{"start":{"line":46,"column":6},"end":{"line":46,"column":7}},"loc":{"start":{"line":46,"column":16},"end":{"line":48,"column":7}},"line":46},"7":{"name":"(anonymous_7)","decl":{"start":{"line":49,"column":6},"end":{"line":49,"column":7}},"loc":{"start":{"line":49,"column":15},"end":{"line":53,"column":7}},"line":49},"8":{"name":"(anonymous_8)","decl":{"start":{"line":57,"column":17},"end":{"line":57,"column":18}},"loc":{"start":{"line":57,"column":23},"end":{"line":60,"column":3}},"line":57},"9":{"name":"(anonymous_9)","decl":{"start":{"line":63,"column":19},"end":{"line":63,"column":20}},"loc":{"start":{"line":63,"column":25},"end":{"line":76,"column":3}},"line":63},"10":{"name":"(anonymous_10)","decl":{"start":{"line":78,"column":2},"end":{"line":78,"column":3}},"loc":{"start":{"line":78,"column":11},"end":{"line":112,"column":3}},"line":78}},"branchMap":{"0":{"loc":{"start":{"line":58,"column":4},"end":{"line":58,"column":53}},"type":"binary-expr","locations":[{"start":{"line":58,"column":4},"end":{"line":58,"column":22}},{"start":{"line":58,"column":26},"end":{"line":58,"column":53}}],"line":58},"1":{"loc":{"start":{"line":65,"column":4},"end":{"line":75,"column":5}},"type":"if","locations":[{"start":{"line":65,"column":4},"end":{"line":75,"column":5}},{"start":{"line":65,"column":4},"end":{"line":75,"column":5}}],"line":65},"2":{"loc":{"start":{"line":82,"column":4},"end":{"line":111,"column":5}},"type":"switch","locations":[{"start":{"line":83,"column":6},"end":{"line":94,"column":10}},{"start":{"line":95,"column":6},"end":{"line":102,"column":8}},{"start":{"line":103,"column":6},"end":{"line":110,"column":8}}],"line":82}},"s":{"0":2,"1":0,"2":2,"3":0,"4":2,"5":1,"6":0,"7":2,"8":2,"9":2,"10":2,"11":1,"12":0,"13":0,"14":0,"15":34,"16":34,"17":0,"18":34,"19":34,"20":34,"21":34,"22":34,"23":15,"24":13,"25":6,"26":2},"f":{"0":2,"1":0,"2":2,"3":0,"4":1,"5":0,"6":1,"7":0,"8":0,"9":34,"10":34},"b":{"0":[0,0],"1":[0,34],"2":[15,13,6]},"_coverageSchema":"332fd63041d2c1bcb487cc26dd0d5f7d97098a6c","hash":"711d866fb6dd0c0d62ea230f360a8c61f4920a2d"}
,"/Users/magnus/Projects/app/p3/components/todolist.js": {"path":"/Users/magnus/Projects/app/p3/components/todolist.js","statementMap":{"0":{"start":{"line":9,"column":23},"end":{"line":22,"column":5}},"1":{"start":{"line":10,"column":6},"end":{"line":21,"column":7}},"2":{"start":{"line":11,"column":8},"end":{"line":20,"column":10}},"3":{"start":{"line":24,"column":4},"end":{"line":29,"column":6}}},"fnMap":{"0":{"name":"(anonymous_0)","decl":{"start":{"line":7,"column":2},"end":{"line":7,"column":3}},"loc":{"start":{"line":7,"column":11},"end":{"line":30,"column":3}},"line":7},"1":{"name":"(anonymous_1)","decl":{"start":{"line":9,"column":23},"end":{"line":9,"column":24}},"loc":{"start":{"line":9,"column":31},"end":{"line":22,"column":5}},"line":9}},"branchMap":{"0":{"loc":{"start":{"line":10,"column":6},"end":{"line":21,"column":7}},"type":"if","locations":[{"start":{"line":10,"column":6},"end":{"line":21,"column":7}},{"start":{"line":10,"column":6},"end":{"line":21,"column":7}}],"line":10}},"s":{"0":33,"1":18,"2":18,"3":33},"f":{"0":33,"1":18},"b":{"0":[18,0]},"_coverageSchema":"332fd63041d2c1bcb487cc26dd0d5f7d97098a6c","hash":"8c75e86a15188f178b1098c37e31ec923abccb98"}
,"/Users/magnus/Projects/app/p3/stylesheets/addtodo.style.js": {"path":"/Users/magnus/Projects/app/p3/stylesheets/addtodo.style.js","statementMap":{},"fnMap":{},"branchMap":{},"s":{},"f":{},"b":{},"_coverageSchema":"332fd63041d2c1bcb487cc26dd0d5f7d97098a6c","hash":"76753b6048447c1343e385578a2d24643ff0c7ef"}
,"/Users/magnus/Projects/app/p3/stylesheets/app.style.js": {"path":"/Users/magnus/Projects/app/p3/stylesheets/app.style.js","statementMap":{},"fnMap":{},"branchMap":{},"s":{},"f":{},"b":{},"_coverageSchema":"332fd63041d2c1bcb487cc26dd0d5f7d97098a6c","hash":"61ef476fe04f993ae14a9e7af7915746274eefdf"}
,"/Users/magnus/Projects/app/p3/stylesheets/datecomponent.style.js": {"path":"/Users/magnus/Projects/app/p3/stylesheets/datecomponent.style.js","statementMap":{},"fnMap":{},"branchMap":{},"s":{},"f":{},"b":{},"_coverageSchema":"332fd63041d2c1bcb487cc26dd0d5f7d97098a6c","hash":"eab989be80ae854abfdc43fe5adc64d0b2cf19cd"}
,"/Users/magnus/Projects/app/p3/stylesheets/itemcomponent.style.js": {"path":"/Users/magnus/Projects/app/p3/stylesheets/itemcomponent.style.js","statementMap":{},"fnMap":{},"branchMap":{},"s":{},"f":{},"b":{},"_coverageSchema":"332fd63041d2c1bcb487cc26dd0d5f7d97098a6c","hash":"da654fcaf79dbb93736e48a5fdd8e473ec7a977d"}
,"/Users/magnus/Projects/app/p3/stylesheets/iteminput.style.js": {"path":"/Users/magnus/Projects/app/p3/stylesheets/iteminput.style.js","statementMap":{},"fnMap":{},"branchMap":{},"s":{},"f":{},"b":{},"_coverageSchema":"332fd63041d2c1bcb487cc26dd0d5f7d97098a6c","hash":"2b5d330f39b48cf545a4e65843333e1980e968ed"}
,"/Users/magnus/Projects/app/p3/stylesheets/stepcounter.style.js": {"path":"/Users/magnus/Projects/app/p3/stylesheets/stepcounter.style.js","statementMap":{},"fnMap":{},"branchMap":{},"s":{},"f":{},"b":{},"_coverageSchema":"332fd63041d2c1bcb487cc26dd0d5f7d97098a6c","hash":"88622f942d0b1ab508d0335cb7a3537aac74a775"}
,"/Users/magnus/Projects/app/p3/stylesheets/todolist.style.js": {"path":"/Users/magnus/Projects/app/p3/stylesheets/todolist.style.js","statementMap":{},"fnMap":{},"branchMap":{},"s":{},"f":{},"b":{},"_coverageSchema":"332fd63041d2c1bcb487cc26dd0d5f7d97098a6c","hash":"c448ca28985175c7f2e36f1d0d591a118a4c41e5"}
}
