{"/Users/magnus/Projects/app/p3/components/addtodo.js": {"path":"/Users/magnus/Projects/app/p3/components/addtodo.js","statementMap":{"0":{"start":{"line":15,"column":4},"end":{"line":15,"column":31}},"1":{"start":{"line":16,"column":4},"end":{"line":16,"column":74}},"2":{"start":{"line":20,"column":4},"end":{"line":20,"column":31}},"3":{"start":{"line":21,"column":4},"end":{"line":21,"column":74}},"4":{"start":{"line":25,"column":4},"end":{"line":25,"column":49}},"5":{"start":{"line":26,"column":4},"end":{"line":26,"column":49}},"6":{"start":{"line":27,"column":4},"end":{"line":27,"column":29}},"7":{"start":{"line":31,"column":4},"end":{"line":43,"column":5}},"8":{"start":{"line":32,"column":6},"end":{"line":40,"column":8}},"9":{"start":{"line":42,"column":6},"end":{"line":42,"column":18}},"10":{"start":{"line":48,"column":4},"end":{"line":60,"column":5}},"11":{"start":{"line":49,"column":6},"end":{"line":57,"column":8}},"12":{"start":{"line":59,"column":6},"end":{"line":59,"column":18}},"13":{"start":{"line":65,"column":22},"end":{"line":65,"column":53}},"14":{"start":{"line":66,"column":23},"end":{"line":66,"column":54}},"15":{"start":{"line":68,"column":4},"end":{"line":91,"column":6}}},"fnMap":{"0":{"name":"(anonymous_0)","decl":{"start":{"line":14,"column":20},"end":{"line":14,"column":21}},"loc":{"start":{"line":14,"column":26},"end":{"line":17,"column":3}},"line":14},"1":{"name":"(anonymous_1)","decl":{"start":{"line":19,"column":20},"end":{"line":19,"column":21}},"loc":{"start":{"line":19,"column":26},"end":{"line":22,"column":3}},"line":19},"2":{"name":"(anonymous_2)","decl":{"start":{"line":24,"column":15},"end":{"line":24,"column":16}},"loc":{"start":{"line":24,"column":21},"end":{"line":28,"column":3}},"line":24},"3":{"name":"(anonymous_3)","decl":{"start":{"line":30,"column":20},"end":{"line":30,"column":21}},"loc":{"start":{"line":30,"column":33},"end":{"line":45,"column":3}},"line":30},"4":{"name":"(anonymous_4)","decl":{"start":{"line":47,"column":20},"end":{"line":47,"column":21}},"loc":{"start":{"line":47,"column":33},"end":{"line":62,"column":3}},"line":47},"5":{"name":"(anonymous_5)","decl":{"start":{"line":64,"column":2},"end":{"line":64,"column":3}},"loc":{"start":{"line":64,"column":11},"end":{"line":92,"column":3}},"line":64}},"branchMap":{"0":{"loc":{"start":{"line":31,"column":4},"end":{"line":43,"column":5}},"type":"if","locations":[{"start":{"line":31,"column":4},"end":{"line":43,"column":5}},{"start":{"line":31,"column":4},"end":{"line":43,"column":5}}],"line":31},"1":{"loc":{"start":{"line":48,"column":4},"end":{"line":60,"column":5}},"type":"if","locations":[{"start":{"line":48,"column":4},"end":{"line":60,"column":5}},{"start":{"line":48,"column":4},"end":{"line":60,"column":5}}],"line":48}},"s":{"0":3,"1":3,"2":3,"3":3,"4":1,"5":1,"6":1,"7":13,"8":3,"9":10,"10":13,"11":3,"12":10,"13":13,"14":13,"15":13},"f":{"0":3,"1":3,"2":1,"3":13,"4":13,"5":13},"b":{"0":[3,10],"1":[3,10]},"_coverageSchema":"332fd63041d2c1bcb487cc26dd0d5f7d97098a6c","hash":"cbab1760fc8faf710087afdc22d6e421e879357d"}
,"/Users/magnus/Projects/app/p3/components/datecomponent.js": {"path":"/Users/magnus/Projects/app/p3/components/datecomponent.js","statementMap":{"0":{"start":{"line":7,"column":4},"end":{"line":7,"column":17}},"1":{"start":{"line":11,"column":19},"end":{"line":11,"column":38}},"2":{"start":{"line":12,"column":22},"end":{"line":12,"column":32}},"3":{"start":{"line":13,"column":21},"end":{"line":13,"column":42}},"4":{"start":{"line":14,"column":4},"end":{"line":62,"column":5}},"5":{"start":{"line":16,"column":8},"end":{"line":28,"column":10}},"6":{"start":{"line":30,"column":8},"end":{"line":44,"column":10}},"7":{"start":{"line":46,"column":8},"end":{"line":60,"column":10}}},"fnMap":{"0":{"name":"(anonymous_0)","decl":{"start":{"line":6,"column":2},"end":{"line":6,"column":3}},"loc":{"start":{"line":6,"column":20},"end":{"line":8,"column":3}},"line":6},"1":{"name":"(anonymous_1)","decl":{"start":{"line":10,"column":2},"end":{"line":10,"column":3}},"loc":{"start":{"line":10,"column":10},"end":{"line":63,"column":3}},"line":10}},"branchMap":{"0":{"loc":{"start":{"line":14,"column":4},"end":{"line":62,"column":5}},"type":"switch","locations":[{"start":{"line":15,"column":6},"end":{"line":28,"column":10}},{"start":{"line":29,"column":6},"end":{"line":44,"column":10}},{"start":{"line":45,"column":6},"end":{"line":60,"column":10}}],"line":14}},"s":{"0":1,"1":1,"2":1,"3":1,"4":1,"5":0,"6":0,"7":0},"f":{"0":1,"1":1},"b":{"0":[0,0,0]},"_coverageSchema":"332fd63041d2c1bcb487cc26dd0d5f7d97098a6c","hash":"745acece9382a176824fe05fb992693d848ce9fc"}
,"/Users/magnus/Projects/app/p3/components/itemcomponent.js": {"path":"/Users/magnus/Projects/app/p3/components/itemcomponent.js","statementMap":{"0":{"start":{"line":11,"column":4},"end":{"line":11,"column":48}},"1":{"start":{"line":15,"column":31},"end":{"line":27,"column":6}},"2":{"start":{"line":29,"column":4},"end":{"line":50,"column":6}},"3":{"start":{"line":43,"column":27},"end":{"line":43,"column":65}}},"fnMap":{"0":{"name":"(anonymous_0)","decl":{"start":{"line":10,"column":20},"end":{"line":10,"column":21}},"loc":{"start":{"line":10,"column":26},"end":{"line":12,"column":3}},"line":10},"1":{"name":"(anonymous_1)","decl":{"start":{"line":14,"column":2},"end":{"line":14,"column":3}},"loc":{"start":{"line":14,"column":11},"end":{"line":51,"column":3}},"line":14},"2":{"name":"(anonymous_2)","decl":{"start":{"line":43,"column":21},"end":{"line":43,"column":22}},"loc":{"start":{"line":43,"column":27},"end":{"line":43,"column":65}},"line":43}},"branchMap":{},"s":{"0":0,"1":1,"2":1,"3":0},"f":{"0":0,"1":1,"2":0},"b":{},"_coverageSchema":"332fd63041d2c1bcb487cc26dd0d5f7d97098a6c","hash":"ce9f162d3fa2cee155df3f550ba3c1b513eb624e"}
,"/Users/magnus/Projects/app/p3/components/iteminput.js": {"path":"/Users/magnus/Projects/app/p3/components/iteminput.js","statementMap":{"0":{"start":{"line":7,"column":4},"end":{"line":7,"column":25}},"1":{"start":{"line":8,"column":4},"end":{"line":8,"column":33}},"2":{"start":{"line":12,"column":4},"end":{"line":19,"column":6}}},"fnMap":{"0":{"name":"(anonymous_0)","decl":{"start":{"line":6,"column":12},"end":{"line":6,"column":13}},"loc":{"start":{"line":6,"column":18},"end":{"line":9,"column":3}},"line":6},"1":{"name":"(anonymous_1)","decl":{"start":{"line":11,"column":2},"end":{"line":11,"column":3}},"loc":{"start":{"line":11,"column":11},"end":{"line":20,"column":3}},"line":11}},"branchMap":{},"s":{"0":0,"1":0,"2":7},"f":{"0":0,"1":7},"b":{},"_coverageSchema":"332fd63041d2c1bcb487cc26dd0d5f7d97098a6c","hash":"ad4768d7941cef50debbaf0ce17969b0e5e3fc27"}
,"/Users/magnus/Projects/app/p3/components/stepcounter.js": {"path":"/Users/magnus/Projects/app/p3/components/stepcounter.js","statementMap":{"0":{"start":{"line":15,"column":4},"end":{"line":15,"column":22}},"1":{"start":{"line":19,"column":4},"end":{"line":19,"column":24}},"2":{"start":{"line":23,"column":4},"end":{"line":27,"column":7}},"3":{"start":{"line":24,"column":6},"end":{"line":26,"column":9}},"4":{"start":{"line":29,"column":4},"end":{"line":40,"column":6}},"5":{"start":{"line":31,"column":8},"end":{"line":33,"column":11}},"6":{"start":{"line":36,"column":8},"end":{"line":38,"column":11}},"7":{"start":{"line":42,"column":16},"end":{"line":42,"column":26}},"8":{"start":{"line":43,"column":18},"end":{"line":43,"column":28}},"9":{"start":{"line":44,"column":4},"end":{"line":44,"column":37}},"10":{"start":{"line":45,"column":4},"end":{"line":54,"column":6}},"11":{"start":{"line":47,"column":8},"end":{"line":47,"column":55}},"12":{"start":{"line":50,"column":8},"end":{"line":52,"column":11}},"13":{"start":{"line":58,"column":4},"end":{"line":58,"column":54}},"14":{"start":{"line":59,"column":4},"end":{"line":59,"column":30}},"15":{"start":{"line":63,"column":4},"end":{"line":75,"column":6}},"16":{"start":{"line":79,"column":0},"end":{"line":79,"column":40}}},"fnMap":{"0":{"name":"(anonymous_0)","decl":{"start":{"line":14,"column":2},"end":{"line":14,"column":3}},"loc":{"start":{"line":14,"column":22},"end":{"line":16,"column":3}},"line":14},"1":{"name":"(anonymous_1)","decl":{"start":{"line":18,"column":2},"end":{"line":18,"column":3}},"loc":{"start":{"line":18,"column":25},"end":{"line":20,"column":3}},"line":18},"2":{"name":"(anonymous_2)","decl":{"start":{"line":22,"column":15},"end":{"line":22,"column":16}},"loc":{"start":{"line":22,"column":21},"end":{"line":55,"column":3}},"line":22},"3":{"name":"(anonymous_3)","decl":{"start":{"line":23,"column":50},"end":{"line":23,"column":51}},"loc":{"start":{"line":23,"column":60},"end":{"line":27,"column":5}},"line":23},"4":{"name":"(anonymous_4)","decl":{"start":{"line":30,"column":6},"end":{"line":30,"column":7}},"loc":{"start":{"line":30,"column":16},"end":{"line":34,"column":7}},"line":30},"5":{"name":"(anonymous_5)","decl":{"start":{"line":35,"column":6},"end":{"line":35,"column":7}},"loc":{"start":{"line":35,"column":15},"end":{"line":39,"column":7}},"line":35},"6":{"name":"(anonymous_6)","decl":{"start":{"line":46,"column":6},"end":{"line":46,"column":7}},"loc":{"start":{"line":46,"column":16},"end":{"line":48,"column":7}},"line":46},"7":{"name":"(anonymous_7)","decl":{"start":{"line":49,"column":6},"end":{"line":49,"column":7}},"loc":{"start":{"line":49,"column":15},"end":{"line":53,"column":7}},"line":49},"8":{"name":"(anonymous_8)","decl":{"start":{"line":57,"column":17},"end":{"line":57,"column":18}},"loc":{"start":{"line":57,"column":23},"end":{"line":60,"column":3}},"line":57},"9":{"name":"(anonymous_9)","decl":{"start":{"line":62,"column":2},"end":{"line":62,"column":3}},"loc":{"start":{"line":62,"column":11},"end":{"line":76,"column":3}},"line":62}},"branchMap":{"0":{"loc":{"start":{"line":58,"column":4},"end":{"line":58,"column":53}},"type":"binary-expr","locations":[{"start":{"line":58,"column":4},"end":{"line":58,"column":22}},{"start":{"line":58,"column":26},"end":{"line":58,"column":53}}],"line":58}},"s":{"0":1,"1":0,"2":1,"3":0,"4":1,"5":0,"6":0,"7":1,"8":1,"9":1,"10":1,"11":0,"12":0,"13":0,"14":0,"15":1,"16":1},"f":{"0":1,"1":0,"2":1,"3":0,"4":0,"5":0,"6":0,"7":0,"8":0,"9":1},"b":{"0":[0,0]},"_coverageSchema":"332fd63041d2c1bcb487cc26dd0d5f7d97098a6c","hash":"00c5b6aeb2628b6a6ebaee6e69e1d487467db824"}
,"/Users/magnus/Projects/app/p3/components/todolist.js": {"path":"/Users/magnus/Projects/app/p3/components/todolist.js","statementMap":{"0":{"start":{"line":10,"column":23},"end":{"line":32,"column":5}},"1":{"start":{"line":11,"column":6},"end":{"line":31,"column":7}},"2":{"start":{"line":12,"column":8},"end":{"line":20,"column":10}},"3":{"start":{"line":21,"column":13},"end":{"line":31,"column":7}},"4":{"start":{"line":22,"column":8},"end":{"line":30,"column":10}},"5":{"start":{"line":34,"column":4},"end":{"line":41,"column":6}}},"fnMap":{"0":{"name":"(anonymous_0)","decl":{"start":{"line":8,"column":2},"end":{"line":8,"column":3}},"loc":{"start":{"line":8,"column":11},"end":{"line":42,"column":3}},"line":8},"1":{"name":"(anonymous_1)","decl":{"start":{"line":10,"column":23},"end":{"line":10,"column":24}},"loc":{"start":{"line":10,"column":31},"end":{"line":32,"column":5}},"line":10}},"branchMap":{"0":{"loc":{"start":{"line":11,"column":6},"end":{"line":31,"column":7}},"type":"if","locations":[{"start":{"line":11,"column":6},"end":{"line":31,"column":7}},{"start":{"line":11,"column":6},"end":{"line":31,"column":7}}],"line":11},"1":{"loc":{"start":{"line":21,"column":13},"end":{"line":31,"column":7}},"type":"if","locations":[{"start":{"line":21,"column":13},"end":{"line":31,"column":7}},{"start":{"line":21,"column":13},"end":{"line":31,"column":7}}],"line":21}},"s":{"0":2,"1":4,"2":2,"3":2,"4":2,"5":2},"f":{"0":2,"1":4},"b":{"0":[2,2],"1":[2,0]},"_coverageSchema":"332fd63041d2c1bcb487cc26dd0d5f7d97098a6c","hash":"98a69f3459e95666670f8b0c8e7d9e3bfd1a312d"}
,"/Users/magnus/Projects/app/p3/stylesheets/addtodo.style.js": {"path":"/Users/magnus/Projects/app/p3/stylesheets/addtodo.style.js","statementMap":{},"fnMap":{},"branchMap":{},"s":{},"f":{},"b":{},"_coverageSchema":"332fd63041d2c1bcb487cc26dd0d5f7d97098a6c","hash":"76753b6048447c1343e385578a2d24643ff0c7ef"}
,"/Users/magnus/Projects/app/p3/stylesheets/datecomponent.style.js": {"path":"/Users/magnus/Projects/app/p3/stylesheets/datecomponent.style.js","statementMap":{},"fnMap":{},"branchMap":{},"s":{},"f":{},"b":{},"_coverageSchema":"332fd63041d2c1bcb487cc26dd0d5f7d97098a6c","hash":"eab989be80ae854abfdc43fe5adc64d0b2cf19cd"}
,"/Users/magnus/Projects/app/p3/stylesheets/itemcomponent.style.js": {"path":"/Users/magnus/Projects/app/p3/stylesheets/itemcomponent.style.js","statementMap":{},"fnMap":{},"branchMap":{},"s":{},"f":{},"b":{},"_coverageSchema":"332fd63041d2c1bcb487cc26dd0d5f7d97098a6c","hash":"da654fcaf79dbb93736e48a5fdd8e473ec7a977d"}
,"/Users/magnus/Projects/app/p3/stylesheets/iteminput.style.js": {"path":"/Users/magnus/Projects/app/p3/stylesheets/iteminput.style.js","statementMap":{},"fnMap":{},"branchMap":{},"s":{},"f":{},"b":{},"_coverageSchema":"332fd63041d2c1bcb487cc26dd0d5f7d97098a6c","hash":"2b5d330f39b48cf545a4e65843333e1980e968ed"}
,"/Users/magnus/Projects/app/p3/stylesheets/stepcounter.style.js": {"path":"/Users/magnus/Projects/app/p3/stylesheets/stepcounter.style.js","statementMap":{},"fnMap":{},"branchMap":{},"s":{},"f":{},"b":{},"_coverageSchema":"332fd63041d2c1bcb487cc26dd0d5f7d97098a6c","hash":"88622f942d0b1ab508d0335cb7a3537aac74a775"}
,"/Users/magnus/Projects/app/p3/stylesheets/todolist.style.js": {"path":"/Users/magnus/Projects/app/p3/stylesheets/todolist.style.js","statementMap":{},"fnMap":{},"branchMap":{},"s":{},"f":{},"b":{},"_coverageSchema":"332fd63041d2c1bcb487cc26dd0d5f7d97098a6c","hash":"c448ca28985175c7f2e36f1d0d591a118a4c41e5"}
}
