TN:
SF:/Users/magnus/Projects/app/p3/components/addtodo.js
FN:14,(anonymous_0)
FN:19,(anonymous_1)
FN:24,(anonymous_2)
FN:30,(anonymous_3)
FN:47,(anonymous_4)
FN:64,(anonymous_5)
FNF:6
FNH:6
FNDA:3,(anonymous_0)
FNDA:3,(anonymous_1)
FNDA:1,(anonymous_2)
FNDA:13,(anonymous_3)
FNDA:13,(anonymous_4)
FNDA:13,(anonymous_5)
DA:15,3
DA:16,3
DA:20,3
DA:21,3
DA:25,1
DA:26,1
DA:27,1
DA:31,13
DA:32,3
DA:42,10
DA:48,13
DA:49,3
DA:59,10
DA:65,13
DA:66,13
DA:68,13
LF:16
LH:16
BRDA:31,0,0,3
BRDA:31,0,1,10
BRDA:48,1,0,3
BRDA:48,1,1,10
BRF:4
BRH:4
end_of_record
TN:
SF:/Users/magnus/Projects/app/p3/components/datecomponent.js
FN:6,(anonymous_0)
FN:10,(anonymous_1)
FNF:2
FNH:2
FNDA:1,(anonymous_0)
FNDA:1,(anonymous_1)
DA:7,1
DA:11,1
DA:12,1
DA:13,1
DA:14,1
DA:16,0
DA:30,0
DA:46,0
LF:8
LH:5
BRDA:14,0,0,0
BRDA:14,0,1,0
BRDA:14,0,2,0
BRF:3
BRH:0
end_of_record
TN:
SF:/Users/magnus/Projects/app/p3/components/itemcomponent.js
FN:10,(anonymous_0)
FN:14,(anonymous_1)
FN:43,(anonymous_2)
FNF:3
FNH:1
FNDA:0,(anonymous_0)
FNDA:1,(anonymous_1)
FNDA:0,(anonymous_2)
DA:11,0
DA:15,1
DA:29,1
DA:43,0
LF:4
LH:2
BRF:0
BRH:0
end_of_record
TN:
SF:/Users/magnus/Projects/app/p3/components/iteminput.js
FN:6,(anonymous_0)
FN:11,(anonymous_1)
FNF:2
FNH:1
FNDA:0,(anonymous_0)
FNDA:7,(anonymous_1)
DA:7,0
DA:8,0
DA:12,7
LF:3
LH:1
BRF:0
BRH:0
end_of_record
TN:
SF:/Users/magnus/Projects/app/p3/components/stepcounter.js
FN:14,(anonymous_0)
FN:18,(anonymous_1)
FN:22,(anonymous_2)
FN:23,(anonymous_3)
FN:30,(anonymous_4)
FN:35,(anonymous_5)
FN:46,(anonymous_6)
FN:49,(anonymous_7)
FN:57,(anonymous_8)
FN:62,(anonymous_9)
FNF:10
FNH:3
FNDA:1,(anonymous_0)
FNDA:0,(anonymous_1)
FNDA:1,(anonymous_2)
FNDA:0,(anonymous_3)
FNDA:0,(anonymous_4)
FNDA:0,(anonymous_5)
FNDA:0,(anonymous_6)
FNDA:0,(anonymous_7)
FNDA:0,(anonymous_8)
FNDA:1,(anonymous_9)
DA:15,1
DA:19,0
DA:23,1
DA:24,0
DA:29,1
DA:31,0
DA:36,0
DA:42,1
DA:43,1
DA:44,1
DA:45,1
DA:47,0
DA:50,0
DA:58,0
DA:59,0
DA:63,1
DA:79,1
LF:17
LH:9
BRDA:58,0,0,0
BRDA:58,0,1,0
BRF:2
BRH:0
end_of_record
TN:
SF:/Users/magnus/Projects/app/p3/components/todolist.js
FN:8,(anonymous_0)
FN:10,(anonymous_1)
FNF:2
FNH:2
FNDA:2,(anonymous_0)
FNDA:4,(anonymous_1)
DA:10,2
DA:11,4
DA:12,2
DA:21,2
DA:22,2
DA:34,2
LF:6
LH:6
BRDA:11,0,0,2
BRDA:11,0,1,2
BRDA:21,1,0,2
BRDA:21,1,1,0
BRF:4
BRH:3
end_of_record
TN:
SF:/Users/magnus/Projects/app/p3/stylesheets/addtodo.style.js
FNF:0
FNH:0
LF:0
LH:0
BRF:0
BRH:0
end_of_record
TN:
SF:/Users/magnus/Projects/app/p3/stylesheets/datecomponent.style.js
FNF:0
FNH:0
LF:0
LH:0
BRF:0
BRH:0
end_of_record
TN:
SF:/Users/magnus/Projects/app/p3/stylesheets/itemcomponent.style.js
FNF:0
FNH:0
LF:0
LH:0
BRF:0
BRH:0
end_of_record
TN:
SF:/Users/magnus/Projects/app/p3/stylesheets/iteminput.style.js
FNF:0
FNH:0
LF:0
LH:0
BRF:0
BRH:0
end_of_record
TN:
SF:/Users/magnus/Projects/app/p3/stylesheets/stepcounter.style.js
FNF:0
FNH:0
LF:0
LH:0
BRF:0
BRH:0
end_of_record
TN:
SF:/Users/magnus/Projects/app/p3/stylesheets/todolist.style.js
FNF:0
FNH:0
LF:0
LH:0
BRF:0
BRH:0
end_of_record
