TN:
SF:/Users/magnus/Projects/app/p3/App.js
FN:32,(anonymous_0)
FN:37,(anonymous_1)
FN:43,(anonymous_2)
FN:52,(anonymous_3)
FN:53,(anonymous_4)
FN:54,(anonymous_5)
FN:88,(anonymous_6)
FN:100,(anonymous_7)
FN:120,(anonymous_8)
FN:124,(anonymous_9)
FN:128,(anonymous_10)
FN:132,(anonymous_11)
FN:160,(anonymous_12)
FN:164,(anonymous_13)
FN:185,(anonymous_14)
FN:201,(anonymous_15)
FN:217,(anonymous_16)
FN:219,(anonymous_17)
FN:222,(anonymous_18)
FNF:19
FNH:8
FNDA:0,(anonymous_0)
FNDA:1,(anonymous_1)
FNDA:2,(anonymous_2)
FNDA:0,(anonymous_3)
FNDA:0,(anonymous_4)
FNDA:0,(anonymous_5)
FNDA:2,(anonymous_6)
FNDA:1,(anonymous_7)
FNDA:1,(anonymous_8)
FNDA:0,(anonymous_9)
FNDA:0,(anonymous_10)
FNDA:0,(anonymous_11)
FNDA:0,(anonymous_12)
FNDA:0,(anonymous_13)
FNDA:1,(anonymous_14)
FNDA:0,(anonymous_15)
FNDA:0,(anonymous_16)
FNDA:1,(anonymous_17)
FNDA:11,(anonymous_18)
DA:33,0
DA:34,0
DA:38,1
DA:39,1
DA:40,1
DA:47,2
DA:48,2
DA:49,2
DA:50,2
DA:51,2
DA:52,2
DA:53,0
DA:54,0
DA:55,0
DA:60,0
DA:61,0
DA:68,0
DA:73,0
DA:74,0
DA:77,0
DA:78,0
DA:80,0
DA:81,0
DA:82,0
DA:89,2
DA:90,2
DA:91,2
DA:92,1
DA:94,2
DA:96,0
DA:101,1
DA:102,1
DA:112,1
DA:113,1
DA:114,1
DA:115,1
DA:116,1
DA:117,1
DA:121,1
DA:125,0
DA:129,0
DA:130,0
DA:131,0
DA:132,0
DA:133,0
DA:134,0
DA:143,0
DA:144,0
DA:155,0
DA:156,0
DA:161,0
DA:162,0
DA:163,0
DA:164,0
DA:165,0
DA:166,0
DA:176,0
DA:177,0
DA:180,0
DA:181,0
DA:186,1
DA:187,1
DA:188,1
DA:194,1
DA:195,1
DA:196,1
DA:202,0
DA:203,0
DA:204,0
DA:210,0
DA:211,0
DA:212,0
DA:220,1
DA:223,11
LF:74
LH:31
BRDA:60,0,0,0
BRDA:60,0,1,0
BRDA:68,1,0,0
BRDA:68,1,1,0
BRDA:69,2,0,0
BRDA:69,2,1,0
BRDA:69,2,2,0
BRDA:73,3,0,0
BRDA:73,3,1,0
BRDA:77,4,0,0
BRDA:77,4,1,0
BRDA:130,5,0,0
BRDA:130,5,1,0
BRDA:133,6,0,0
BRDA:133,6,1,0
BRDA:133,7,0,0
BRDA:133,7,1,0
BRDA:143,8,0,0
BRDA:143,8,1,0
BRDA:143,9,0,0
BRDA:143,9,1,0
BRDA:162,10,0,0
BRDA:162,10,1,0
BRDA:165,11,0,0
BRDA:165,11,1,0
BRDA:165,12,0,0
BRDA:165,12,1,0
BRDA:176,13,0,0
BRDA:176,13,1,0
BRDA:187,14,0,1
BRDA:187,14,1,0
BRDA:195,15,0,1
BRDA:195,15,1,0
BRDA:203,16,0,0
BRDA:203,16,1,0
BRDA:211,17,0,0
BRDA:211,17,1,0
BRDA:265,18,0,1
BRDA:265,18,1,10
BRF:39
BRH:4
end_of_record
TN:
SF:/Users/magnus/Projects/app/p3/components/addtodo.js
FN:13,(anonymous_0)
FN:18,(anonymous_1)
FN:23,(anonymous_2)
FN:29,(anonymous_3)
FN:46,(anonymous_4)
FN:63,(anonymous_5)
FNF:6
FNH:6
FNDA:3,(anonymous_0)
FNDA:3,(anonymous_1)
FNDA:1,(anonymous_2)
FNDA:23,(anonymous_3)
FNDA:23,(anonymous_4)
FNDA:23,(anonymous_5)
DA:14,3
DA:15,3
DA:19,3
DA:20,3
DA:24,1
DA:25,1
DA:26,1
DA:30,23
DA:31,3
DA:41,20
DA:47,23
DA:48,3
DA:58,20
DA:64,23
DA:65,23
DA:66,23
DA:67,23
DA:69,23
LF:18
LH:18
BRDA:30,0,0,3
BRDA:30,0,1,20
BRDA:47,1,0,3
BRDA:47,1,1,20
BRF:4
BRH:4
end_of_record
TN:
SF:/Users/magnus/Projects/app/p3/components/datecomponent.js
FN:14,(anonymous_0)
FN:18,(anonymous_1)
FNF:2
FNH:2
FNDA:2,(anonymous_0)
FNDA:11,(anonymous_1)
DA:15,2
DA:19,11
DA:20,11
DA:21,11
DA:22,11
DA:24,9
DA:49,0
DA:73,2
LF:8
LH:7
BRDA:22,0,0,9
BRDA:22,0,1,0
BRDA:22,0,2,2
BRF:3
BRH:2
end_of_record
TN:
SF:/Users/magnus/Projects/app/p3/components/itemcomponent.js
FN:8,(anonymous_0)
FN:19,(anonymous_1)
FN:27,(anonymous_2)
FN:45,(anonymous_3)
FNF:4
FNH:1
FNDA:1,(anonymous_0)
FNDA:0,(anonymous_1)
FNDA:0,(anonymous_2)
FNDA:0,(anonymous_3)
DA:10,1
DA:11,0
DA:19,0
DA:27,0
DA:36,1
DA:37,1
DA:45,0
LF:7
LH:3
BRDA:10,0,0,0
BRDA:10,0,1,1
BRDA:36,1,0,1
BRDA:36,1,1,0
BRF:4
BRH:2
end_of_record
TN:
SF:/Users/magnus/Projects/app/p3/components/iteminput.js
FN:6,(anonymous_0)
FN:11,(anonymous_1)
FNF:2
FNH:1
FNDA:0,(anonymous_0)
FNDA:7,(anonymous_1)
DA:7,0
DA:8,0
DA:12,7
LF:3
LH:1
BRF:0
BRH:0
end_of_record
TN:
SF:/Users/magnus/Projects/app/p3/components/stepcounter.js
FN:14,(anonymous_0)
FN:18,(anonymous_1)
FN:22,(anonymous_2)
FN:23,(anonymous_3)
FN:30,(anonymous_4)
FN:35,(anonymous_5)
FN:46,(anonymous_6)
FN:49,(anonymous_7)
FN:57,(anonymous_8)
FN:62,(anonymous_9)
FNF:10
FNH:3
FNDA:2,(anonymous_0)
FNDA:0,(anonymous_1)
FNDA:2,(anonymous_2)
FNDA:0,(anonymous_3)
FNDA:0,(anonymous_4)
FNDA:0,(anonymous_5)
FNDA:0,(anonymous_6)
FNDA:0,(anonymous_7)
FNDA:0,(anonymous_8)
FNDA:11,(anonymous_9)
DA:15,2
DA:19,0
DA:23,2
DA:24,0
DA:29,2
DA:31,0
DA:36,0
DA:42,2
DA:43,2
DA:44,2
DA:45,2
DA:47,0
DA:50,0
DA:58,0
DA:59,0
DA:63,11
DA:76,2
LF:17
LH:9
BRDA:58,0,0,0
BRDA:58,0,1,0
BRF:2
BRH:0
end_of_record
TN:
SF:/Users/magnus/Projects/app/p3/components/todolist.js
FN:7,(anonymous_0)
FN:9,(anonymous_1)
FNF:2
FNH:2
FNDA:11,(anonymous_0)
FNDA:8,(anonymous_1)
DA:9,11
DA:10,8
DA:11,8
DA:24,11
LF:4
LH:4
BRDA:10,0,0,8
BRDA:10,0,1,0
BRF:2
BRH:1
end_of_record
TN:
SF:/Users/magnus/Projects/app/p3/stylesheets/addtodo.style.js
FNF:0
FNH:0
LF:0
LH:0
BRF:0
BRH:0
end_of_record
TN:
SF:/Users/magnus/Projects/app/p3/stylesheets/app.style.js
FNF:0
FNH:0
LF:0
LH:0
BRF:0
BRH:0
end_of_record
TN:
SF:/Users/magnus/Projects/app/p3/stylesheets/datecomponent.style.js
FNF:0
FNH:0
LF:0
LH:0
BRF:0
BRH:0
end_of_record
TN:
SF:/Users/magnus/Projects/app/p3/stylesheets/itemcomponent.style.js
FNF:0
FNH:0
LF:0
LH:0
BRF:0
BRH:0
end_of_record
TN:
SF:/Users/magnus/Projects/app/p3/stylesheets/iteminput.style.js
FNF:0
FNH:0
LF:0
LH:0
BRF:0
BRH:0
end_of_record
TN:
SF:/Users/magnus/Projects/app/p3/stylesheets/stepcounter.style.js
FNF:0
FNH:0
LF:0
LH:0
BRF:0
BRH:0
end_of_record
TN:
SF:/Users/magnus/Projects/app/p3/stylesheets/todolist.style.js
FNF:0
FNH:0
LF:0
LH:0
BRF:0
BRH:0
end_of_record
